Traceback (most recent call last):
  File "/home/runner/.local/share/virtualenvs/zero-deep-2-phbUnuGL/lib/python3.9/site-packages/jupyter_cache/executors/utils.py", line 51, in single_nb_execution
    executenb(
  File "/home/runner/.local/share/virtualenvs/zero-deep-2-phbUnuGL/lib/python3.9/site-packages/nbclient/client.py", line 1117, in execute
    return NotebookClient(nb=nb, resources=resources, km=km, **kwargs).execute()
  File "/home/runner/.local/share/virtualenvs/zero-deep-2-phbUnuGL/lib/python3.9/site-packages/nbclient/util.py", line 78, in wrapped
    return just_run(coro(*args, **kwargs))
  File "/home/runner/.local/share/virtualenvs/zero-deep-2-phbUnuGL/lib/python3.9/site-packages/nbclient/util.py", line 57, in just_run
    return loop.run_until_complete(coro)
  File "/opt/hostedtoolcache/Python/3.9.7/x64/lib/python3.9/asyncio/base_events.py", line 642, in run_until_complete
    return future.result()
  File "/home/runner/.local/share/virtualenvs/zero-deep-2-phbUnuGL/lib/python3.9/site-packages/nbclient/client.py", line 558, in async_execute
    await self.async_execute_cell(
  File "/home/runner/.local/share/virtualenvs/zero-deep-2-phbUnuGL/lib/python3.9/site-packages/nbclient/client.py", line 862, in async_execute_cell
    self._check_raise_for_error(cell, exec_reply)
  File "/home/runner/.local/share/virtualenvs/zero-deep-2-phbUnuGL/lib/python3.9/site-packages/nbclient/client.py", line 765, in _check_raise_for_error
    raise CellExecutionError.from_cell_and_msg(cell, exec_reply_content)
nbclient.exceptions.CellExecutionError: An error occurred while executing the following cell:
------------------
# 4.3.2 CBOW の評価
# 学習が終わってないと pickle がなくてエラーになる
from ch04 import eval
# eval??
------------------

[0;31m---------------------------------------------------------------------------[0m
[0;31mFileNotFoundError[0m                         Traceback (most recent call last)
[0;32m/tmp/ipykernel_2726/719493043.py[0m in [0;36m<module>[0;34m[0m
[1;32m      1[0m [0;31m# 4.3.2 CBOW の評価[0m[0;34m[0m[0;34m[0m[0m
[1;32m      2[0m [0;31m# 学習が終わってないと pickle がなくてエラーになる[0m[0;34m[0m[0;34m[0m[0m
[0;32m----> 3[0;31m [0;32mfrom[0m [0mch04[0m [0;32mimport[0m [0meval[0m[0;34m[0m[0;34m[0m[0m
[0m[1;32m      4[0m [0;31m# eval??[0m[0;34m[0m[0;34m[0m[0m

[0;32m~/work/zero-deep-2/zero-deep-2/deep-learning-from-scratch-2/ch04/eval.py[0m in [0;36m<module>[0;34m[0m
[1;32m      9[0m [0;31m# pkl_file = 'skipgram_params.pkl'[0m[0;34m[0m[0;34m[0m[0m
[1;32m     10[0m [0;34m[0m[0m
[0;32m---> 11[0;31m [0;32mwith[0m [0mopen[0m[0;34m([0m[0mpkl_file[0m[0;34m,[0m [0;34m'rb'[0m[0;34m)[0m [0;32mas[0m [0mf[0m[0;34m:[0m[0;34m[0m[0;34m[0m[0m
[0m[1;32m     12[0m     [0mparams[0m [0;34m=[0m [0mpickle[0m[0;34m.[0m[0mload[0m[0;34m([0m[0mf[0m[0;34m)[0m[0;34m[0m[0;34m[0m[0m
[1;32m     13[0m     [0mword_vecs[0m [0;34m=[0m [0mparams[0m[0;34m[[0m[0;34m'word_vecs'[0m[0;34m][0m[0;34m[0m[0;34m[0m[0m

[0;31mFileNotFoundError[0m: [Errno 2] No such file or directory: 'cbow_params.pkl'
FileNotFoundError: [Errno 2] No such file or directory: 'cbow_params.pkl'

